[debug] [2025-10-27T12:17:40.605Z] ----------------------------------------------------------------------
[debug] [2025-10-27T12:17:40.607Z] Command:       C:\Program Files\nodejs\node.exe C:\Users\frank\AppData\Roaming\npm\node_modules\firebase-tools\lib\bin\firebase.js init
[debug] [2025-10-27T12:17:40.607Z] CLI Version:   14.17.0
[debug] [2025-10-27T12:17:40.607Z] Platform:      win32
[debug] [2025-10-27T12:17:40.607Z] Node Version:  v24.5.0
[debug] [2025-10-27T12:17:40.607Z] Time:          Mon Oct 27 2025 17:47:40 GMT+0530 (India Standard Time)
[debug] [2025-10-27T12:17:40.607Z] ----------------------------------------------------------------------
[debug] 
[debug] [2025-10-27T12:17:40.613Z] > command requires scopes: ["email","openid","https://www.googleapis.com/auth/cloudplatformprojects.readonly","https://www.googleapis.com/auth/firebase","https://www.googleapis.com/auth/cloud-platform"]
[debug] [2025-10-27T12:17:40.613Z] > authorizing via signed-in user (la.buzzlebee@gmail.com)
[info] 
     ######## #### ########  ######## ########     ###     ######  ########
     ##        ##  ##     ## ##       ##     ##  ##   ##  ##       ##
     ######    ##  ########  ######   ########  #########  ######  ######
     ##        ##  ##    ##  ##       ##     ## ##     ##       ## ##
     ##       #### ##     ## ######## ########  ##     ##  ######  ########

You're about to initialize a Firebase project in this directory:

  C:\Users\frank\Native Projects\verdex

[info] 
=== Account Setup
[info] 
[info] Which account do you want to use for this project? Choose an account or add a new one now
[info] 
[debug] [2025-10-27T12:17:57.587Z] setProjectAccount(C:\Users\frank\Native Projects\verdex, frankmathewsajan@gmail.com)
[info] 
[info] +  Using account: frankmathewsajan@gmail.com 
[info] 
=== Project Setup
[info] 
[info] First, let's associate this project directory with a Firebase project.
[info] You can create multiple project aliases by running firebase use --add, 
[info] but for now we'll just set up a default project.
[info] 
[debug] [2025-10-27T12:17:58.827Z] No OAuth tokens found
[debug] [2025-10-27T12:17:58.828Z] No OAuth tokens found
[debug] [2025-10-27T12:17:58.828Z] > refreshing access token with scopes: []
[debug] [2025-10-27T12:17:58.832Z] >>> [apiv2][query] POST https://www.googleapis.com/oauth2/v3/token [none]
[debug] [2025-10-27T12:17:58.832Z] >>> [apiv2][body] POST https://www.googleapis.com/oauth2/v3/token [omitted]
[debug] [2025-10-27T12:17:59.050Z] <<< [apiv2][status] POST https://www.googleapis.com/oauth2/v3/token 400
[debug] [2025-10-27T12:17:59.050Z] <<< [apiv2][body] POST https://www.googleapis.com/oauth2/v3/token [omitted]
[debug] [2025-10-27T12:17:59.051Z] >>> [apiv2][query] GET https://firebase.googleapis.com/v1beta1/projects pageSize=100
[debug] [2025-10-27T12:17:59.276Z] <<< [apiv2][status] GET https://firebase.googleapis.com/v1beta1/projects 401
[debug] [2025-10-27T12:17:59.276Z] <<< [apiv2][body] GET https://firebase.googleapis.com/v1beta1/projects [omitted]
[debug] [2025-10-27T12:17:59.276Z] Got a 401 Unauthenticated error for a call that required authentication. Refreshing tokens.
[debug] [2025-10-27T12:17:59.277Z] No OAuth tokens found
[debug] [2025-10-27T12:17:59.278Z] No OAuth tokens found
[debug] [2025-10-27T12:17:59.278Z] > refreshing access token with scopes: []
[debug] [2025-10-27T12:17:59.278Z] >>> [apiv2][query] POST https://www.googleapis.com/oauth2/v3/token [none]
[debug] [2025-10-27T12:17:59.278Z] >>> [apiv2][body] POST https://www.googleapis.com/oauth2/v3/token [omitted]
[debug] [2025-10-27T12:17:59.347Z] <<< [apiv2][status] POST https://www.googleapis.com/oauth2/v3/token 400
[debug] [2025-10-27T12:17:59.348Z] <<< [apiv2][body] POST https://www.googleapis.com/oauth2/v3/token [omitted]
[debug] [2025-10-27T12:17:59.349Z] Request to https://firebase.googleapis.com/v1beta1/projects?pageSize=100 had HTTP Error: 401, Request had invalid authentication credentials. Expected OAuth 2 access token, login cookie or other valid authentication credential. See https://developers.google.com/identity/sign-in/web/devconsole-project.
[debug] [2025-10-27T12:17:59.355Z] FirebaseError: Request to https://firebase.googleapis.com/v1beta1/projects?pageSize=100 had HTTP Error: 401, Request had invalid authentication credentials. Expected OAuth 2 access token, login cookie or other valid authentication credential. See https://developers.google.com/identity/sign-in/web/devconsole-project.
    at responseToError (C:\Users\frank\AppData\Roaming\npm\node_modules\firebase-tools\lib\responseToError.js:52:12)
    at RetryOperation._fn (C:\Users\frank\AppData\Roaming\npm\node_modules\firebase-tools\lib\apiv2.js:312:77)
    at process.processTicksAndRejections (node:internal/process/task_queues:105:5)
[error] 
[error] Error: Failed to list Firebase projects. See firebase-debug.log for more info.
[debug] [2025-10-27T12:18:07.453Z] ----------------------------------------------------------------------
[debug] [2025-10-27T12:18:07.455Z] Command:       C:\Program Files\nodejs\node.exe C:\Users\frank\AppData\Roaming\npm\node_modules\firebase-tools\lib\bin\firebase.js init
[debug] [2025-10-27T12:18:07.456Z] CLI Version:   14.17.0
[debug] [2025-10-27T12:18:07.456Z] Platform:      win32
[debug] [2025-10-27T12:18:07.456Z] Node Version:  v24.5.0
[debug] [2025-10-27T12:18:07.456Z] Time:          Mon Oct 27 2025 17:48:07 GMT+0530 (India Standard Time)
[debug] [2025-10-27T12:18:07.456Z] ----------------------------------------------------------------------
[debug] 
[debug] [2025-10-27T12:18:07.462Z] > command requires scopes: ["email","openid","https://www.googleapis.com/auth/cloudplatformprojects.readonly","https://www.googleapis.com/auth/firebase","https://www.googleapis.com/auth/cloud-platform"]
[debug] [2025-10-27T12:18:07.462Z] > authorizing via signed-in user (la.buzzlebee@gmail.com)
[info] 
     ######## #### ########  ######## ########     ###     ######  ########
     ##        ##  ##     ## ##       ##     ##  ##   ##  ##       ##
     ######    ##  ########  ######   ########  #########  ######  ######
     ##        ##  ##    ##  ##       ##     ## ##     ##       ## ##
     ##       #### ##     ## ######## ########  ##     ##  ######  ########

You're about to initialize a Firebase project in this directory:

  C:\Users\frank\Native Projects\verdex

[info] 
=== Account Setup
[info] 
[info] Which account do you want to use for this project? Choose an account or add a new one now
[info] 
[debug] [2025-10-27T12:18:17.771Z] setProjectAccount(C:\Users\frank\Native Projects\verdex, frankmathewsajan@gmail.com)
[info] 
[info] +  Using account: frankmathewsajan@gmail.com 
[info] 
=== Project Setup
[info] 
[info] First, let's associate this project directory with a Firebase project.
[info] You can create multiple project aliases by running firebase use --add, 
[info] but for now we'll just set up a default project.
[info] 
[debug] [2025-10-27T12:18:30.036Z] No OAuth tokens found
[debug] [2025-10-27T12:18:30.037Z] No OAuth tokens found
[debug] [2025-10-27T12:18:30.037Z] > refreshing access token with scopes: []
[debug] [2025-10-27T12:18:30.041Z] >>> [apiv2][query] POST https://www.googleapis.com/oauth2/v3/token [none]
[debug] [2025-10-27T12:18:30.041Z] >>> [apiv2][body] POST https://www.googleapis.com/oauth2/v3/token [omitted]
[debug] [2025-10-27T12:18:30.283Z] <<< [apiv2][status] POST https://www.googleapis.com/oauth2/v3/token 400
[debug] [2025-10-27T12:18:30.283Z] <<< [apiv2][body] POST https://www.googleapis.com/oauth2/v3/token [omitted]
[debug] [2025-10-27T12:18:30.284Z] >>> [apiv2][query] GET https://firebase.googleapis.com/v1beta1/projects pageSize=100
[debug] [2025-10-27T12:18:30.493Z] <<< [apiv2][status] GET https://firebase.googleapis.com/v1beta1/projects 401
[debug] [2025-10-27T12:18:30.493Z] <<< [apiv2][body] GET https://firebase.googleapis.com/v1beta1/projects [omitted]
[debug] [2025-10-27T12:18:30.493Z] Got a 401 Unauthenticated error for a call that required authentication. Refreshing tokens.
[debug] [2025-10-27T12:18:30.494Z] No OAuth tokens found
[debug] [2025-10-27T12:18:30.495Z] No OAuth tokens found
[debug] [2025-10-27T12:18:30.495Z] > refreshing access token with scopes: []
[debug] [2025-10-27T12:18:30.496Z] >>> [apiv2][query] POST https://www.googleapis.com/oauth2/v3/token [none]
[debug] [2025-10-27T12:18:30.496Z] >>> [apiv2][body] POST https://www.googleapis.com/oauth2/v3/token [omitted]
[debug] [2025-10-27T12:18:30.580Z] <<< [apiv2][status] POST https://www.googleapis.com/oauth2/v3/token 400
[debug] [2025-10-27T12:18:30.580Z] <<< [apiv2][body] POST https://www.googleapis.com/oauth2/v3/token [omitted]
[debug] [2025-10-27T12:18:30.582Z] Request to https://firebase.googleapis.com/v1beta1/projects?pageSize=100 had HTTP Error: 401, Request had invalid authentication credentials. Expected OAuth 2 access token, login cookie or other valid authentication credential. See https://developers.google.com/identity/sign-in/web/devconsole-project.
[debug] [2025-10-27T12:18:30.588Z] FirebaseError: Request to https://firebase.googleapis.com/v1beta1/projects?pageSize=100 had HTTP Error: 401, Request had invalid authentication credentials. Expected OAuth 2 access token, login cookie or other valid authentication credential. See https://developers.google.com/identity/sign-in/web/devconsole-project.
    at responseToError (C:\Users\frank\AppData\Roaming\npm\node_modules\firebase-tools\lib\responseToError.js:52:12)
    at RetryOperation._fn (C:\Users\frank\AppData\Roaming\npm\node_modules\firebase-tools\lib\apiv2.js:312:77)
    at process.processTicksAndRejections (node:internal/process/task_queues:105:5)
[error] 
[error] Error: Failed to list Firebase projects. See firebase-debug.log for more info.
